<?xml version="1.0" encoding="UTF-8"?>
<coverage generated="1526918846305" clover="3.2.0">
  <project timestamp="1526918846305" name="All files">
    <metrics statements="22" coveredstatements="22" conditionals="8" coveredconditionals="4" methods="10" coveredmethods="10" elements="40" coveredelements="36" complexity="0" loc="22" ncloc="22" packages="1" files="1" classes="1">
      <file name="01_aquarium.js" path="/Users/jiao/Workspace/camp2_exercises/06_react_redux/01_es6_fundamentals/01_aquarium/01_aquarium.js">
        <metrics statements="22" coveredstatements="22" conditionals="8" coveredconditionals="4" methods="10" coveredmethods="10"/>
        <line num="3" count="5" type="stmt"/>
        <line num="4" count="5" type="stmt"/>
        <line num="5" count="5" type="stmt"/>
        <line num="9" count="2" type="cond" truecount="2" falsecount="0"/>
        <line num="10" count="1" type="cond" truecount="1" falsecount="1"/>
        <line num="11" count="1" type="stmt"/>
        <line num="14" count="1" type="cond" truecount="1" falsecount="1"/>
        <line num="15" count="1" type="stmt"/>
        <line num="23" count="3" type="stmt"/>
        <line num="29" count="4" type="stmt"/>
        <line num="30" count="4" type="stmt"/>
        <line num="34" count="1" type="stmt"/>
        <line num="38" count="1" type="stmt"/>
        <line num="42" count="1" type="stmt"/>
        <line num="44" count="1" type="stmt"/>
        <line num="45" count="2" type="stmt"/>
        <line num="46" count="2" type="stmt"/>
        <line num="48" count="1" type="stmt"/>
        <line num="49" count="2" type="stmt"/>
        <line num="54" count="1" type="stmt"/>
        <line num="55" count="1" type="stmt"/>
        <line num="61" count="1" type="stmt"/>
      </file>
    </metrics>
  </project>
</coverage>
