{"/Users/jiao/Workspace/camp2_exercises/06_react_redux/01_es6_fundamentals/01_aquarium/01_aquarium.js": {"path":"/Users/jiao/Workspace/camp2_exercises/06_react_redux/01_es6_fundamentals/01_aquarium/01_aquarium.js","statementMap":{"0":{"start":{"line":3,"column":4},"end":{"line":3,"column":21}},"1":{"start":{"line":4,"column":4},"end":{"line":4,"column":19}},"2":{"start":{"line":5,"column":4},"end":{"line":5,"column":23}},"3":{"start":{"line":9,"column":4},"end":{"line":17,"column":5}},"4":{"start":{"line":10,"column":6},"end":{"line":12,"column":7}},"5":{"start":{"line":11,"column":6},"end":{"line":11,"column":28}},"6":{"start":{"line":14,"column":6},"end":{"line":16,"column":7}},"7":{"start":{"line":15,"column":6},"end":{"line":15,"column":28}},"8":{"start":{"line":23,"column":4},"end":{"line":23,"column":21}},"9":{"start":{"line":29,"column":4},"end":{"line":29,"column":25}},"10":{"start":{"line":30,"column":4},"end":{"line":30,"column":25}},"11":{"start":{"line":34,"column":4},"end":{"line":34,"column":27}},"12":{"start":{"line":38,"column":4},"end":{"line":38,"column":28}},"13":{"start":{"line":42,"column":4},"end":{"line":42,"column":36}},"14":{"start":{"line":44,"column":4},"end":{"line":47,"column":7}},"15":{"start":{"line":45,"column":6},"end":{"line":45,"column":29}},"16":{"start":{"line":46,"column":6},"end":{"line":46,"column":28}},"17":{"start":{"line":48,"column":4},"end":{"line":50,"column":7}},"18":{"start":{"line":49,"column":6},"end":{"line":49,"column":21}},"19":{"start":{"line":54,"column":4},"end":{"line":56,"column":5}},"20":{"start":{"line":55,"column":6},"end":{"line":55,"column":22}},"21":{"start":{"line":61,"column":0},"end":{"line":65,"column":2}}},"fnMap":{"0":{"name":"(anonymous_0)","decl":{"start":{"line":2,"column":2},"end":{"line":2,"column":3}},"loc":{"start":{"line":2,"column":32},"end":{"line":6,"column":3}},"line":2},"1":{"name":"(anonymous_1)","decl":{"start":{"line":8,"column":2},"end":{"line":8,"column":3}},"loc":{"start":{"line":8,"column":16},"end":{"line":18,"column":3}},"line":8},"2":{"name":"(anonymous_2)","decl":{"start":{"line":22,"column":2},"end":{"line":22,"column":3}},"loc":{"start":{"line":22,"column":20},"end":{"line":24,"column":3}},"line":22},"3":{"name":"(anonymous_3)","decl":{"start":{"line":28,"column":2},"end":{"line":28,"column":3}},"loc":{"start":{"line":28,"column":40},"end":{"line":31,"column":3}},"line":28},"4":{"name":"(anonymous_4)","decl":{"start":{"line":33,"column":2},"end":{"line":33,"column":3}},"loc":{"start":{"line":33,"column":16},"end":{"line":35,"column":3}},"line":33},"5":{"name":"(anonymous_5)","decl":{"start":{"line":37,"column":2},"end":{"line":37,"column":3}},"loc":{"start":{"line":37,"column":18},"end":{"line":39,"column":3}},"line":37},"6":{"name":"(anonymous_6)","decl":{"start":{"line":41,"column":2},"end":{"line":41,"column":3}},"loc":{"start":{"line":41,"column":13},"end":{"line":51,"column":3}},"line":41},"7":{"name":"(anonymous_7)","decl":{"start":{"line":44,"column":24},"end":{"line":44,"column":25}},"loc":{"start":{"line":44,"column":34},"end":{"line":47,"column":5}},"line":44},"8":{"name":"(anonymous_8)","decl":{"start":{"line":48,"column":24},"end":{"line":48,"column":25}},"loc":{"start":{"line":48,"column":34},"end":{"line":50,"column":5}},"line":48},"9":{"name":"(anonymous_9)","decl":{"start":{"line":53,"column":2},"end":{"line":53,"column":3}},"loc":{"start":{"line":53,"column":12},"end":{"line":57,"column":3}},"line":53}},"branchMap":{"0":{"loc":{"start":{"line":9,"column":4},"end":{"line":17,"column":5}},"type":"if","locations":[{"start":{"line":9,"column":4},"end":{"line":17,"column":5}},{"start":{"line":9,"column":4},"end":{"line":17,"column":5}}],"line":9},"1":{"loc":{"start":{"line":10,"column":6},"end":{"line":12,"column":7}},"type":"if","locations":[{"start":{"line":10,"column":6},"end":{"line":12,"column":7}},{"start":{"line":10,"column":6},"end":{"line":12,"column":7}}],"line":10},"2":{"loc":{"start":{"line":14,"column":6},"end":{"line":16,"column":7}},"type":"if","locations":[{"start":{"line":14,"column":6},"end":{"line":16,"column":7}},{"start":{"line":14,"column":6},"end":{"line":16,"column":7}}],"line":14},"3":{"loc":{"start":{"line":28,"column":14},"end":{"line":28,"column":25}},"type":"default-arg","locations":[{"start":{"line":28,"column":23},"end":{"line":28,"column":25}}],"line":28},"4":{"loc":{"start":{"line":28,"column":27},"end":{"line":28,"column":38}},"type":"default-arg","locations":[{"start":{"line":28,"column":36},"end":{"line":28,"column":38}}],"line":28}},"s":{"0":5,"1":5,"2":5,"3":2,"4":1,"5":1,"6":1,"7":1,"8":3,"9":4,"10":4,"11":1,"12":1,"13":1,"14":1,"15":2,"16":2,"17":1,"18":2,"19":1,"20":1,"21":1},"f":{"0":5,"1":2,"2":3,"3":4,"4":1,"5":1,"6":1,"7":2,"8":2,"9":1},"b":{"0":[1,1],"1":[1,0],"2":[1,0],"3":[0],"4":[0]},"_coverageSchema":"332fd63041d2c1bcb487cc26dd0d5f7d97098a6c","hash":"a8de35ddaebdce4e44ed5eaa88f49d9ecfd1ca3a"}
}
