TN:
SF:/Users/jiao/Workspace/camp2_exercises/06_react_redux/01_es6_fundamentals/01_aquarium/01_aquarium.js
FN:2,(anonymous_0)
FN:8,(anonymous_1)
FN:22,(anonymous_2)
FN:28,(anonymous_3)
FN:33,(anonymous_4)
FN:37,(anonymous_5)
FN:41,(anonymous_6)
FN:44,(anonymous_7)
FN:48,(anonymous_8)
FN:53,(anonymous_9)
FNF:10
FNH:10
FNDA:5,(anonymous_0)
FNDA:2,(anonymous_1)
FNDA:3,(anonymous_2)
FNDA:4,(anonymous_3)
FNDA:1,(anonymous_4)
FNDA:1,(anonymous_5)
FNDA:1,(anonymous_6)
FNDA:2,(anonymous_7)
FNDA:2,(anonymous_8)
FNDA:1,(anonymous_9)
DA:3,5
DA:4,5
DA:5,5
DA:9,2
DA:10,1
DA:11,1
DA:14,1
DA:15,1
DA:23,3
DA:29,4
DA:30,4
DA:34,1
DA:38,1
DA:42,1
DA:44,1
DA:45,2
DA:46,2
DA:48,1
DA:49,2
DA:54,1
DA:55,1
DA:61,1
LF:22
LH:22
BRDA:9,0,0,1
BRDA:9,0,1,1
BRDA:10,1,0,1
BRDA:10,1,1,0
BRDA:14,2,0,1
BRDA:14,2,1,0
BRDA:28,3,0,0
BRDA:28,4,0,0
BRF:8
BRH:4
end_of_record
